<?xml version="1.0" encoding="UTF-8"?>
<!-- Generated by org.testng.reporters.JUnitReportReporter -->
<testsuite hostname="BWAW_500" name="Annotiations.Test.SimpleTest" tests="4" failures="0" timestamp="7 Feb 2018 13:27:30 GMT" time="32.589" errors="0">
  <testcase name="LoginToEZakupy" time="4.244" classname="Annotiations.Test.SimpleTest"/>
  <testcase name="AddToCart" time="6.758" classname="Annotiations.Test.SimpleTest"/>
  <testcase name="GoToEZakupyPage" time="4.900" classname="Annotiations.Test.SimpleTest"/>
  <testcase name="OpenMainPage" time="16.687" classname="Annotiations.Test.SimpleTest"/>
</testsuite> <!-- Annotiations.Test.SimpleTest -->
