<?xml version="1.0" encoding="UTF-8"?>
<!-- Generated by org.testng.reporters.JUnitReportReporter -->
<testsuite hostname="BWAW_500" name="Annotiations.Test.SimpleTest" tests="1" failures="0" timestamp="30 Jan 2018 12:29:59 GMT" time="0.001" errors="0">
  <testcase name="st_test" time="0.001" classname="Annotiations.Test.SimpleTest"/>
</testsuite> <!-- Annotiations.Test.SimpleTest -->
