<?xml version="1.0" encoding="UTF-8"?>
<!-- Generated by org.testng.reporters.JUnitReportReporter -->
<testsuite hostname="BWAW_500" name="Annotiations.Test.SimpleTest" tests="4" failures="0" timestamp="9 Feb 2018 08:38:15 GMT" time="32.649" errors="0">
  <testcase name="GoToEZakupyPage" time="4.035" classname="Annotiations.Test.SimpleTest"/>
  <testcase name="OpenMainPage" time="17.958" classname="Annotiations.Test.SimpleTest"/>
  <testcase name="AddToCart" time="6.750" classname="Annotiations.Test.SimpleTest"/>
  <testcase name="LoginToEZakupy" time="3.906" classname="Annotiations.Test.SimpleTest"/>
</testsuite> <!-- Annotiations.Test.SimpleTest -->
