<?xml version="1.0" encoding="UTF-8"?>
<!-- Generated by org.testng.reporters.JUnitReportReporter -->
<testsuite hostname="BWAW_500" name="Annotiations.Test.SimpleTest" tests="4" failures="0" timestamp="8 Feb 2018 06:35:48 GMT" time="39.790" errors="0">
  <testcase name="LoginToEZakupy" time="7.750" classname="Annotiations.Test.SimpleTest"/>
  <testcase name="AddToCart" time="9.925" classname="Annotiations.Test.SimpleTest"/>
  <testcase name="GoToEZakupyPage" time="4.027" classname="Annotiations.Test.SimpleTest"/>
  <testcase name="OpenMainPage" time="18.088" classname="Annotiations.Test.SimpleTest"/>
</testsuite> <!-- Annotiations.Test.SimpleTest -->
