<?xml version="1.0" encoding="UTF-8"?>
<!-- Generated by org.testng.reporters.JUnitReportReporter -->
<testsuite hostname="BWAW_500" name="Annotiations.Test.SimpleTest" tests="4" failures="0" timestamp="6 Feb 2018 11:46:42 GMT" time="33.641" errors="0">
  <testcase name="OpenMainPage" time="18.806" classname="Annotiations.Test.SimpleTest"/>
  <testcase name="LoginToEZakupy" time="3.725" classname="Annotiations.Test.SimpleTest"/>
  <testcase name="AddToCart" time="7.177" classname="Annotiations.Test.SimpleTest"/>
  <testcase name="GoToEZakupyPage" time="3.933" classname="Annotiations.Test.SimpleTest"/>
</testsuite> <!-- Annotiations.Test.SimpleTest -->
