<?xml version="1.0" encoding="UTF-8"?>
<!-- Generated by org.testng.reporters.JUnitReportReporter -->
<testsuite hostname="BWAW_500" name="Annotiations.Test.SimpleTest" tests="3" failures="0" timestamp="2 Feb 2018 12:13:58 GMT" time="27.456" errors="0">
  <testcase name="GoToEZakupyPage" time="7.475" classname="Annotiations.Test.SimpleTest"/>
  <testcase name="OpenMainPage" time="14.882" classname="Annotiations.Test.SimpleTest"/>
  <testcase name="LoginToEZakupy" time="5.099" classname="Annotiations.Test.SimpleTest"/>
</testsuite> <!-- Annotiations.Test.SimpleTest -->
