<?xml version="1.0" encoding="UTF-8"?>
<!-- Generated by org.testng.reporters.JUnitReportReporter -->
<testsuite hostname="BWAW_500" name="Annotiations.Test.SimpleTest" tests="3" failures="0" timestamp="5 Feb 2018 13:28:34 GMT" time="28.319" errors="0">
  <testcase name="GoToEZakupyPage" time="5.562" classname="Annotiations.Test.SimpleTest"/>
  <testcase name="OpenMainPage" time="18.313" classname="Annotiations.Test.SimpleTest"/>
  <testcase name="LoginToEZakupy" time="4.444" classname="Annotiations.Test.SimpleTest"/>
</testsuite> <!-- Annotiations.Test.SimpleTest -->
