<?xml version="1.0" encoding="UTF-8"?>
<!-- Generated by org.testng.reporters.JUnitReportReporter -->
<testsuite hostname="BWAW_500" name="Annotiations.Test.SimpleTest" tests="4" failures="0" timestamp="8 Feb 2018 10:52:23 GMT" time="33.762" errors="0">
  <testcase name="OpenMainPage" time="18.217" classname="Annotiations.Test.SimpleTest"/>
  <testcase name="GoToEZakupyPage" time="4.247" classname="Annotiations.Test.SimpleTest"/>
  <testcase name="LoginToEZakupy" time="4.339" classname="Annotiations.Test.SimpleTest"/>
  <testcase name="AddToCart" time="6.959" classname="Annotiations.Test.SimpleTest"/>
</testsuite> <!-- Annotiations.Test.SimpleTest -->
