<?xml version="1.0" encoding="UTF-8"?>
<!-- Generated by org.testng.reporters.JUnitReportReporter -->
<testsuite hostname="BWAW_500" name="Annotiations.Test.SimpleTest" tests="4" failures="0" timestamp="8 Feb 2018 06:49:17 GMT" time="32.450" errors="0">
  <testcase name="OpenMainPage" time="17.997" classname="Annotiations.Test.SimpleTest"/>
  <testcase name="AddToCart" time="6.729" classname="Annotiations.Test.SimpleTest"/>
  <testcase name="LoginToEZakupy" time="4.070" classname="Annotiations.Test.SimpleTest"/>
  <testcase name="GoToEZakupyPage" time="3.654" classname="Annotiations.Test.SimpleTest"/>
</testsuite> <!-- Annotiations.Test.SimpleTest -->
